# JRE version: Java(TM) SE Runtime Environment (8.0_144-b01) (build 1.8.0_144-b01)
# Java VM: Java HotSpot(TM) 64-Bit Server VM (25.144-b01 mixed mode linux-amd64 compressed oops)
Heap:
 PSYoungGen      total 496640K, used 29347K [0x00000000d7100000, 0x0000000100000000, 0x0000000100000000)
  eden space 322560K, 0% used [0x00000000d7100000,0x00000000d7100000,0x00000000eac00000)
  from space 174080K, 16% used [0x00000000eac00000,0x00000000ec8a8e98,0x00000000f5600000)
  to   space 172032K, 0% used [0x00000000f5800000,0x00000000f5800000,0x0000000100000000)
 ParOldGen       total 686592K, used 686115K [0x0000000085200000, 0x00000000af080000, 0x00000000d7100000)
  object space 686592K, 99% used [0x0000000085200000,0x00000000af008c00,0x00000000af080000)
 Metaspace       used 16076K, capacity 16248K, committed 16384K, reserved 1062912K
  class space    used 1997K, capacity 2006K, committed 2048K, reserved 1048576K
GC Heap History (10 events):
Event: 47,714 GC heap after
Heap after GC invocations=16 (full 4):
 PSYoungGen      total 453632K, used 69583K [0x00000000d7100000, 0x0000000100000000, 0x0000000100000000)
  eden space 339968K, 0% used [0x00000000d7100000,0x00000000d7100000,0x00000000ebd00000)
  from space 113664K, 61% used [0x00000000f9100000,0x00000000fd4f3d10,0x0000000100000000)
  to   space 165376K, 0% used [0x00000000ebd00000,0x00000000ebd00000,0x00000000f5e80000)
 ParOldGen       total 516608K, used 364832K [0x0000000085200000, 0x00000000a4a80000, 0x00000000d7100000)
  object space 516608K, 70% used [0x0000000085200000,0x000000009b648108,0x00000000a4a80000)
 Metaspace       used 16076K, capacity 16248K, committed 16384K, reserved 1062912K
  class space    used 1997K, capacity 2006K, committed 2048K, reserved 1048576K
}
Event: 48,657 GC heap before
{Heap before GC invocations=17 (full 4):
 PSYoungGen      total 453632K, used 409551K [0x00000000d7100000, 0x0000000100000000, 0x0000000100000000)
  eden space 339968K, 100% used [0x00000000d7100000,0x00000000ebd00000,0x00000000ebd00000)
  from space 113664K, 61% used [0x00000000f9100000,0x00000000fd4f3d10,0x0000000100000000)
  to   space 165376K, 0% used [0x00000000ebd00000,0x00000000ebd00000,0x00000000f5e80000)
 ParOldGen       total 516608K, used 364832K [0x0000000085200000, 0x00000000a4a80000, 0x00000000d7100000)
  object space 516608K, 70% used [0x0000000085200000,0x000000009b648108,0x00000000a4a80000)
 Metaspace       used 16076K, capacity 16248K, committed 16384K, reserved 1062912K
  class space    used 1997K, capacity 2006K, committed 2048K, reserved 1048576K
Event: 60,296 GC heap after
Heap after GC invocations=17 (full 4):
 PSYoungGen      total 435200K, used 95232K [0x00000000d7100000, 0x0000000100000000, 0x0000000100000000)
  eden space 339968K, 0% used [0x00000000d7100000,0x00000000d7100000,0x00000000ebd00000)
  from space 95232K, 100% used [0x00000000ebd00000,0x00000000f1a00000,0x00000000f1a00000)
  to   space 168448K, 0% used [0x00000000f5b80000,0x00000000f5b80000,0x0000000100000000)
 ParOldGen       total 516608K, used 434584K [0x0000000085200000, 0x00000000a4a80000, 0x00000000d7100000)
  object space 516608K, 84% used [0x0000000085200000,0x000000009fa66148,0x00000000a4a80000)
 Metaspace       used 16076K, capacity 16248K, committed 16384K, reserved 1062912K
  class space    used 1997K, capacity 2006K, committed 2048K, reserved 1048576K
}
Event: 60,296 GC heap before
{Heap before GC invocations=18 (full 5):
 PSYoungGen      total 435200K, used 95232K [0x00000000d7100000, 0x0000000100000000, 0x0000000100000000)
  eden space 339968K, 0% used [0x00000000d7100000,0x00000000d7100000,0x00000000ebd00000)
  from space 95232K, 100% used [0x00000000ebd00000,0x00000000f1a00000,0x00000000f1a00000)
  to   space 168448K, 0% used [0x00000000f5b80000,0x00000000f5b80000,0x0000000100000000)
 ParOldGen       total 516608K, used 434584K [0x0000000085200000, 0x00000000a4a80000, 0x00000000d7100000)
  object space 516608K, 84% used [0x0000000085200000,0x000000009fa66148,0x00000000a4a80000)
 Metaspace       used 16076K, capacity 16248K, committed 16384K, reserved 1062912K
  class space    used 1997K, capacity 2006K, committed 2048K, reserved 1048576K
Event: 63,004 GC heap after
Heap after GC invocations=18 (full 5):
 PSYoungGen      total 435200K, used 13242K [0x00000000d7100000, 0x0000000100000000, 0x0000000100000000)
  eden space 339968K, 0% used [0x00000000d7100000,0x00000000d7100000,0x00000000ebd00000)
  from space 95232K, 13% used [0x00000000ebd00000,0x00000000ec9ee8f0,0x00000000f1a00000)
  to   space 168448K, 0% used [0x00000000f5b80000,0x00000000f5b80000,0x0000000100000000)
 ParOldGen       total 686592K, used 516232K [0x0000000085200000, 0x00000000af080000, 0x00000000d7100000)
  object space 686592K, 75% used [0x0000000085200000,0x00000000a4a220c8,0x00000000af080000)
 Metaspace       used 16076K, capacity 16248K, committed 16384K, reserved 1062912K
  class space    used 1997K, capacity 2006K, committed 2048K, reserved 1048576K
}
Event: 63,918 GC heap before
{Heap before GC invocations=19 (full 5):
 PSYoungGen      total 435200K, used 353210K [0x00000000d7100000, 0x0000000100000000, 0x0000000100000000)
  eden space 339968K, 100% used [0x00000000d7100000,0x00000000ebd00000,0x00000000ebd00000)
  from space 95232K, 13% used [0x00000000ebd00000,0x00000000ec9ee8f0,0x00000000f1a00000)
  to   space 168448K, 0% used [0x00000000f5b80000,0x00000000f5b80000,0x0000000100000000)
 ParOldGen       total 686592K, used 516232K [0x0000000085200000, 0x00000000af080000, 0x00000000d7100000)
  object space 686592K, 75% used [0x0000000085200000,0x00000000a4a220c8,0x00000000af080000)
 Metaspace       used 16076K, capacity 16248K, committed 16384K, reserved 1062912K
  class space    used 1997K, capacity 2006K, committed 2048K, reserved 1048576K
Event: 66,737 GC heap after
Heap after GC invocations=19 (full 5):
 PSYoungGen      total 491008K, used 105444K [0x00000000d7100000, 0x0000000100000000, 0x0000000100000000)
  eden space 322560K, 0% used [0x00000000d7100000,0x00000000d7100000,0x00000000eac00000)
  from space 168448K, 62% used [0x00000000f5b80000,0x00000000fc279010,0x0000000100000000)
  to   space 174080K, 0% used [0x00000000eac00000,0x00000000eac00000,0x00000000f5600000)
 ParOldGen       total 686592K, used 529544K [0x0000000085200000, 0x00000000af080000, 0x00000000d7100000)
  object space 686592K, 77% used [0x0000000085200000,0x00000000a57220c8,0x00000000af080000)
 Metaspace       used 16076K, capacity 16248K, committed 16384K, reserved 1062912K
  class space    used 1997K, capacity 2006K, committed 2048K, reserved 1048576K
}
Event: 68,088 GC heap before
{Heap before GC invocations=20 (full 5):
 PSYoungGen      total 491008K, used 428004K [0x00000000d7100000, 0x0000000100000000, 0x0000000100000000)
  eden space 322560K, 100% used [0x00000000d7100000,0x00000000eac00000,0x00000000eac00000)
  from space 168448K, 62% used [0x00000000f5b80000,0x00000000fc279010,0x0000000100000000)
  to   space 174080K, 0% used [0x00000000eac00000,0x00000000eac00000,0x00000000f5600000)
 ParOldGen       total 686592K, used 529544K [0x0000000085200000, 0x00000000af080000, 0x00000000d7100000)
  object space 686592K, 77% used [0x0000000085200000,0x00000000a57220c8,0x00000000af080000)
 Metaspace       used 16076K, capacity 16248K, committed 16384K, reserved 1062912K
  class space    used 1997K, capacity 2006K, committed 2048K, reserved 1048576K
Event: 75,404 GC heap after
Heap after GC invocations=20 (full 5):
 PSYoungGen      total 496640K, used 90368K [0x00000000d7100000, 0x0000000100000000, 0x0000000100000000)
  eden space 322560K, 0% used [0x00000000d7100000,0x00000000d7100000,0x00000000eac00000)
  from space 174080K, 51% used [0x00000000eac00000,0x00000000f0440000,0x00000000f5600000)
  to   space 172032K, 0% used [0x00000000f5800000,0x00000000f5800000,0x0000000100000000)
 ParOldGen       total 686592K, used 635212K [0x0000000085200000, 0x00000000af080000, 0x00000000d7100000)
  object space 686592K, 92% used [0x0000000085200000,0x00000000abe530d8,0x00000000af080000)
 Metaspace       used 16076K, capacity 16248K, committed 16384K, reserved 1062912K
  class space    used 1997K, capacity 2006K, committed 2048K, reserved 1048576K
}
Event: 75,404 GC heap before
{Heap before GC invocations=21 (full 6):
 PSYoungGen      total 496640K, used 90368K [0x00000000d7100000, 0x0000000100000000, 0x0000000100000000)
  eden space 322560K, 0% used [0x00000000d7100000,0x00000000d7100000,0x00000000eac00000)
  from space 174080K, 51% used [0x00000000eac00000,0x00000000f0440000,0x00000000f5600000)
  to   space 172032K, 0% used [0x00000000f5800000,0x00000000f5800000,0x0000000100000000)
 ParOldGen       total 686592K, used 635212K [0x0000000085200000, 0x00000000af080000, 0x00000000d7100000)
  object space 686592K, 92% used [0x0000000085200000,0x00000000abe530d8,0x00000000af080000)
 Metaspace       used 16076K, capacity 16248K, committed 16384K, reserved 1062912K
  class space    used 1997K, capacity 2006K, committed 2048K, reserved 1048576K

